Thu Sep 28 09:38:04 UTC 2023
Thu Sep 28 10:11:45 UTC 2023
Thu Sep 28 11:09:16 UTC 2023
Thu Sep 28 12:21:17 UTC 2023
Thu Sep 28 13:14:10 UTC 2023
Thu Sep 28 14:11:00 UTC 2023
Thu Sep 28 15:11:43 UTC 2023
Thu Sep 28 16:14:15 UTC 2023
Thu Sep 28 17:10:00 UTC 2023
Fri Sep 29 02:19:20 UTC 2023
Fri Sep 29 03:12:47 UTC 2023
Fri Sep 29 04:14:54 UTC 2023
Fri Sep 29 05:11:40 UTC 2023
Fri Sep 29 06:25:02 UTC 2023
Fri Sep 29 17:12:42 UTC 2023
Sat Sep 30 17:11:16 UTC 2023
Sun Oct  1 17:12:12 UTC 2023
Mon Oct  2 17:12:55 UTC 2023
Tue Oct  3 02:19:13 UTC 2023
Tue Oct  3 17:13:01 UTC 2023
